<?xml version="1.0" encoding="UTF-8"?>
<!-- Generated by org.testng.reporters.JUnitXMLReporter -->
<testsuite ignored="0" hostname="DESKTOP-456211H" failures="0" tests="1" name="EdgeTest" time="0.56" errors="0" timestamp="2023-02-03T15:08:03 IST">
  <testcase classname="testNGPackage.VerifyInstagramLoginFunctionality" name="@BeforeTest launchBrowser" time="0.179">
    <failure type="java.lang.IllegalStateException" message="The path to the driver executable must be set by the webdriver.edge.driver system property; for more information, see https://github.com/SeleniumHQ/selenium/wiki/MicrosoftWebDriver. The latest version can be downloaded from http://go.microsoft.com/fwlink/?LinkId=619687">
      <![CDATA[java.lang.IllegalStateException: The path to the driver executable must be set by the webdriver.edge.driver system property; for more information, see https://github.com/SeleniumHQ/selenium/wiki/MicrosoftWebDriver. The latest version can be downloaded from http://go.microsoft.com/fwlink/?LinkId=619687
at com.google.common.base.Preconditions.checkState(Preconditions.java:847)
at org.openqa.selenium.remote.service.DriverService.findExecutable(DriverService.java:134)
at org.openqa.selenium.edge.EdgeDriverService.access$000(EdgeDriverService.java:37)
at org.openqa.selenium.edge.EdgeDriverService$Builder.findDefaultExecutable(EdgeDriverService.java:90)
at org.openqa.selenium.remote.service.DriverService$Builder.build(DriverService.java:355)
at org.openqa.selenium.edge.EdgeDriverService.createDefaultService(EdgeDriverService.java:70)
at org.openqa.selenium.edge.EdgeDriver.<init>(EdgeDriver.java:96)
at testNGPackage.VerifyInstagramLoginFunctionality.launchBrowser(VerifyInstagramLoginFunctionality.java:43)
at java.base/java.util.concurrent.FutureTask.run(FutureTask.java:264)
at java.base/java.util.concurrent.ThreadPoolExecutor.runWorker(ThreadPoolExecutor.java:1136)
at java.base/java.util.concurrent.ThreadPoolExecutor$Worker.run(ThreadPoolExecutor.java:635)
at java.base/java.lang.Thread.run(Thread.java:833)
... Removed 15 stack frames]]>
    </failure>
  </testcase> <!-- @BeforeTest launchBrowser -->
  <testcase classname="testNGPackage.VerifyInstagramLoginFunctionality" name="@BeforeClass createPOMObjects" time="-1.675417083338E9">
    <skipped/>
  </testcase> <!-- @BeforeClass createPOMObjects -->
  <testcase classname="testNGPackage.VerifyInstagramLoginFunctionality" name="@BeforeMethod signUpFunctionality" time="-1.675417083386E9">
    <skipped/>
  </testcase> <!-- @BeforeMethod signUpFunctionality -->
  <testcase classname="testNGPackage.VerifyInstagramLoginFunctionality" name="@AfterMethod aftermethod" time="-1.675417083435E9">
    <skipped/>
  </testcase> <!-- @AfterMethod aftermethod -->
  <testcase classname="testNGPackage.VerifyInstagramLoginFunctionality" name="@AfterClass afterClass" time="-1.675417083447E9">
    <skipped/>
  </testcase> <!-- @AfterClass afterClass -->
  <testcase classname="testNGPackage.VerifyInstagramLoginFunctionality" name="@AfterTest aftertest" time="-1.675417083496E9">
    <skipped/>
  </testcase> <!-- @AfterTest aftertest -->
  <testcase classname="testNGPackage.VerifyInstagramLoginFunctionality" name="test1" time="0.0">
    <skipped/>
  </testcase> <!-- test1 -->
</testsuite> <!-- EdgeTest -->
