<?xml version="1.0" encoding="UTF-8"?>
<!-- Generated by org.testng.reporters.JUnitXMLReporter -->
<testsuite ignored="0" hostname="DESKTOP-456211H" failures="0" tests="1" name="Default test" time="0.191" errors="0" timestamp="2023-02-13T15:16:05 IST">
  <testcase classname="testNGPackage.VerifyInstagramLoginFunctionality" name="@BeforeTest launchBrowser" time="-1.676281564885E9">
    <failure type="org.testng.TestNGException" message="
Parameter &amp;apos;browser1&amp;apos; is required by BeforeTest on method launchBrowser but has not been marked @Optional or defined
in C:\Users\hp\AppData\Local\Temp\testng-eclipse-2065858539\testng-customsuite.xml">
      <![CDATA[org.testng.TestNGException: 
Parameter 'browser1' is required by BeforeTest on method launchBrowser but has not been marked @Optional or defined
in C:\Users\hp\AppData\Local\Temp\testng-eclipse-2065858539\testng-customsuite.xml
at org.testng.internal.Parameters.createParams(Parameters.java:270)
at org.testng.internal.Parameters.createParametersForMethod(Parameters.java:358)
at org.testng.internal.Parameters.createParameters(Parameters.java:700)
at org.testng.internal.Parameters.createConfigurationParameters(Parameters.java:168)
at org.testng.internal.ConfigInvoker.invokeConfigurations(ConfigInvoker.java:302)
at org.testng.TestRunner.invokeTestConfigurations(TestRunner.java:637)
at org.testng.TestRunner.beforeRun(TestRunner.java:627)
at org.testng.TestRunner.run(TestRunner.java:589)
at org.testng.SuiteRunner.runTest(SuiteRunner.java:377)
at org.testng.SuiteRunner.runSequentially(SuiteRunner.java:371)
at org.testng.SuiteRunner.privateRun(SuiteRunner.java:332)
at org.testng.SuiteRunner.run(SuiteRunner.java:276)
at org.testng.SuiteRunnerWorker.runSuite(SuiteRunnerWorker.java:53)
at org.testng.SuiteRunnerWorker.run(SuiteRunnerWorker.java:96)
at org.testng.TestNG.runSuitesSequentially(TestNG.java:1212)
at org.testng.TestNG.runSuitesLocally(TestNG.java:1134)
at org.testng.TestNG.runSuites(TestNG.java:1063)
at org.testng.TestNG.run(TestNG.java:1031)
at org.testng.remote.AbstractRemoteTestNG.run(AbstractRemoteTestNG.java:115)
at org.testng.remote.RemoteTestNG.initAndRun(RemoteTestNG.java:251)
at org.testng.remote.RemoteTestNG.main(RemoteTestNG.java:77)
]]>
    </failure>
  </testcase> <!-- @BeforeTest launchBrowser -->
  <testcase classname="testNGPackage.VerifyInstagramLoginFunctionality" name="@BeforeClass createPOMObjects" time="-1.676281564998E9">
    <skipped/>
  </testcase> <!-- @BeforeClass createPOMObjects -->
  <testcase classname="testNGPackage.VerifyInstagramLoginFunctionality" name="@BeforeMethod loginFunctionality" time="-1.676281565027E9">
    <skipped/>
  </testcase> <!-- @BeforeMethod loginFunctionality -->
  <testcase classname="testNGPackage.VerifyInstagramLoginFunctionality" name="@AfterMethod clickOnLogOutFunctionality" time="-1.676281565045E9">
    <skipped/>
  </testcase> <!-- @AfterMethod clickOnLogOutFunctionality -->
  <testcase classname="testNGPackage.VerifyInstagramLoginFunctionality" name="@AfterClass afterClass" time="-1.676281565052E9">
    <skipped/>
  </testcase> <!-- @AfterClass afterClass -->
  <testcase classname="testNGPackage.VerifyInstagramLoginFunctionality" name="@AfterTest aftertest" time="-1.676281565059E9">
    <skipped/>
  </testcase> <!-- @AfterTest aftertest -->
  <testcase classname="testNGPackage.VerifyInstagramLoginFunctionality" name="verifySearchFunctionality" time="0.0">
    <skipped/>
  </testcase> <!-- verifySearchFunctionality -->
</testsuite> <!-- Default test -->
